<?xml version="1.0" encoding="UTF-8"?>
<testng-results ignored="0" total="19" passed="18" failed="1" skipped="0">
  <reporter-output>
  </reporter-output>
  <suite started-at="2022-07-20T15:39:15 IST" name="Suite" finished-at="2022-07-20T15:40:19 IST" duration-ms="63340">
    <groups>
    </groups>
    <test started-at="2022-07-20T15:39:15 IST" name="Test" finished-at="2022-07-20T15:40:19 IST" duration-ms="63340">
      <class name="TestNG.D_TestCase3">
        <test-method is-config="true" signature="setUp()[pri:0, instance:TestNG.D_TestCase3@4145bad8]" started-at="2022-07-20T15:39:27 IST" name="setUp" finished-at="2022-07-20T15:39:33 IST" duration-ms="5164" status="PASS">
          <reporter-output>
          </reporter-output>
        </test-method> <!-- setUp -->
        <test-method signature="verifyTitleOfPage()[pri:0, instance:TestNG.D_TestCase3@4145bad8]" started-at="2022-07-20T15:39:33 IST" name="verifyTitleOfPage" finished-at="2022-07-20T15:39:33 IST" duration-ms="11" status="PASS">
          <reporter-output>
          </reporter-output>
        </test-method> <!-- verifyTitleOfPage -->
        <test-method is-config="true" signature="tearDown()[pri:0, instance:TestNG.D_TestCase3@4145bad8]" started-at="2022-07-20T15:39:33 IST" name="tearDown" finished-at="2022-07-20T15:39:33 IST" duration-ms="126" status="PASS">
          <reporter-output>
          </reporter-output>
        </test-method> <!-- tearDown -->
      </class> <!-- TestNG.D_TestCase3 -->
      <class name="TestNG.H_Priority4">
        <test-method signature="q()[pri:-99, instance:TestNG.H_Priority4@3e27aa33]" started-at="2022-07-20T15:40:09 IST" name="q" finished-at="2022-07-20T15:40:09 IST" duration-ms="1" status="PASS">
          <reporter-output>
          </reporter-output>
        </test-method> <!-- q -->
        <test-method signature="r()[pri:-9, instance:TestNG.H_Priority4@3e27aa33]" started-at="2022-07-20T15:40:09 IST" name="r" finished-at="2022-07-20T15:40:09 IST" duration-ms="1" status="PASS">
          <reporter-output>
          </reporter-output>
        </test-method> <!-- r -->
        <test-method signature="p()[pri:-8, instance:TestNG.H_Priority4@3e27aa33]" started-at="2022-07-20T15:40:09 IST" name="p" finished-at="2022-07-20T15:40:09 IST" duration-ms="0" status="PASS">
          <reporter-output>
          </reporter-output>
        </test-method> <!-- p -->
      </class> <!-- TestNG.H_Priority4 -->
      <class name="TestNG.J_Assertions">
        <test-method is-config="true" signature="SetUp()[pri:0, instance:TestNG.J_Assertions@63376bed]" started-at="2022-07-20T15:39:15 IST" name="SetUp" finished-at="2022-07-20T15:39:27 IST" duration-ms="11744" status="PASS">
          <reporter-output>
          </reporter-output>
        </test-method> <!-- SetUp -->
        <test-method signature="verifyTheTitleOfPage()[pri:0, instance:TestNG.J_Assertions@63376bed]" started-at="2022-07-20T15:39:27 IST" name="verifyTheTitleOfPage" finished-at="2022-07-20T15:39:27 IST" duration-ms="16" status="PASS">
          <reporter-output>
          </reporter-output>
        </test-method> <!-- verifyTheTitleOfPage -->
        <test-method is-config="true" signature="tearDown()[pri:0, instance:TestNG.J_Assertions@63376bed]" started-at="2022-07-20T15:39:27 IST" name="tearDown" finished-at="2022-07-20T15:39:27 IST" duration-ms="164" status="PASS">
          <reporter-output>
          </reporter-output>
        </test-method> <!-- tearDown -->
      </class> <!-- TestNG.J_Assertions -->
      <class name="TestNG.A_AnotationsExecutionSequence">
        <test-method is-config="true" signature="beforeSuite()[pri:0, instance:TestNG.A_AnotationsExecutionSequence@20140db9]" started-at="2022-07-20T15:39:15 IST" name="beforeSuite" finished-at="2022-07-20T15:39:15 IST" duration-ms="9" status="PASS">
          <reporter-output>
          </reporter-output>
        </test-method> <!-- beforeSuite -->
        <test-method is-config="true" signature="beforeTest()[pri:0, instance:TestNG.A_AnotationsExecutionSequence@20140db9]" started-at="2022-07-20T15:39:15 IST" name="beforeTest" finished-at="2022-07-20T15:39:15 IST" duration-ms="0" status="PASS">
          <reporter-output>
          </reporter-output>
        </test-method> <!-- beforeTest -->
        <test-method is-config="true" signature="beforeClass()[pri:0, instance:TestNG.A_AnotationsExecutionSequence@20140db9]" started-at="2022-07-20T15:39:15 IST" name="beforeClass" finished-at="2022-07-20T15:39:15 IST" duration-ms="0" status="PASS">
          <reporter-output>
          </reporter-output>
        </test-method> <!-- beforeClass -->
        <test-method is-config="true" signature="beforeMethod()[pri:0, instance:TestNG.A_AnotationsExecutionSequence@20140db9]" started-at="2022-07-20T15:39:15 IST" name="beforeMethod" finished-at="2022-07-20T15:39:15 IST" duration-ms="0" status="PASS">
          <reporter-output>
          </reporter-output>
        </test-method> <!-- beforeMethod -->
        <test-method signature="testCase()[pri:0, instance:TestNG.A_AnotationsExecutionSequence@20140db9]" started-at="2022-07-20T15:39:15 IST" name="testCase" finished-at="2022-07-20T15:39:15 IST" duration-ms="4" status="PASS">
          <reporter-output>
          </reporter-output>
        </test-method> <!-- testCase -->
        <test-method is-config="true" signature="afterMethod()[pri:0, instance:TestNG.A_AnotationsExecutionSequence@20140db9]" started-at="2022-07-20T15:39:15 IST" name="afterMethod" finished-at="2022-07-20T15:39:15 IST" duration-ms="0" status="PASS">
          <reporter-output>
          </reporter-output>
        </test-method> <!-- afterMethod -->
        <test-method is-config="true" signature="afterClass()[pri:0, instance:TestNG.A_AnotationsExecutionSequence@20140db9]" started-at="2022-07-20T15:39:15 IST" name="afterClass" finished-at="2022-07-20T15:39:15 IST" duration-ms="1" status="PASS">
          <reporter-output>
          </reporter-output>
        </test-method> <!-- afterClass -->
        <test-method is-config="true" signature="afterTest()[pri:0, instance:TestNG.A_AnotationsExecutionSequence@20140db9]" started-at="2022-07-20T15:40:19 IST" name="afterTest" finished-at="2022-07-20T15:40:19 IST" duration-ms="1" status="PASS">
          <reporter-output>
          </reporter-output>
        </test-method> <!-- afterTest -->
        <test-method is-config="true" signature="afterSuite()[pri:0, instance:TestNG.A_AnotationsExecutionSequence@20140db9]" started-at="2022-07-20T15:40:19 IST" name="afterSuite" finished-at="2022-07-20T15:40:19 IST" duration-ms="0" status="PASS">
          <reporter-output>
          </reporter-output>
        </test-method> <!-- afterSuite -->
      </class> <!-- TestNG.A_AnotationsExecutionSequence -->
      <class name="TestNG.B_TestCase1">
        <test-method signature="display()[pri:0, instance:TestNG.B_TestCase1@3646a422]" started-at="2022-07-20T15:39:33 IST" name="display" finished-at="2022-07-20T15:39:33 IST" duration-ms="2" status="PASS">
          <reporter-output>
          </reporter-output>
        </test-method> <!-- display -->
      </class> <!-- TestNG.B_TestCase1 -->
      <class name="TestNG.G_Priority3">
        <test-method signature="p()[pri:3, instance:TestNG.G_Priority3@2892d68]" started-at="2022-07-20T15:39:33 IST" name="p" finished-at="2022-07-20T15:39:33 IST" duration-ms="2" status="PASS">
          <reporter-output>
          </reporter-output>
        </test-method> <!-- p -->
        <test-method signature="q()[pri:3, instance:TestNG.G_Priority3@2892d68]" started-at="2022-07-20T15:39:33 IST" name="q" finished-at="2022-07-20T15:39:33 IST" duration-ms="0" status="PASS">
          <reporter-output>
          </reporter-output>
        </test-method> <!-- q -->
        <test-method signature="r()[pri:3, instance:TestNG.G_Priority3@2892d68]" started-at="2022-07-20T15:39:33 IST" name="r" finished-at="2022-07-20T15:39:33 IST" duration-ms="1" status="PASS">
          <reporter-output>
          </reporter-output>
        </test-method> <!-- r -->
      </class> <!-- TestNG.G_Priority3 -->
      <class name="TestNG.I_GoogleTest">
        <test-method is-config="true" signature="setUp()[pri:0, instance:TestNG.I_GoogleTest@750e2b97]" started-at="2022-07-20T15:39:33 IST" name="setUp" finished-at="2022-07-20T15:39:42 IST" duration-ms="9557" status="PASS">
          <reporter-output>
          </reporter-output>
        </test-method> <!-- setUp -->
        <test-method signature="googleTitleText()[pri:0, instance:TestNG.I_GoogleTest@750e2b97]" started-at="2022-07-20T15:39:42 IST" name="googleTitleText" finished-at="2022-07-20T15:39:42 IST" duration-ms="10" status="PASS">
          <reporter-output>
          </reporter-output>
        </test-method> <!-- googleTitleText -->
        <test-method is-config="true" signature="tearDown()[pri:0, instance:TestNG.I_GoogleTest@750e2b97]" started-at="2022-07-20T15:39:42 IST" name="tearDown" finished-at="2022-07-20T15:39:42 IST" duration-ms="157" status="PASS">
          <reporter-output>
          </reporter-output>
        </test-method> <!-- tearDown -->
        <test-method is-config="true" signature="setUp()[pri:0, instance:TestNG.I_GoogleTest@750e2b97]" started-at="2022-07-20T15:39:42 IST" name="setUp" finished-at="2022-07-20T15:39:52 IST" duration-ms="9733" status="PASS">
          <reporter-output>
          </reporter-output>
        </test-method> <!-- setUp -->
        <test-method signature="mailLinkText()[pri:0, instance:TestNG.I_GoogleTest@750e2b97]" started-at="2022-07-20T15:39:52 IST" name="mailLinkText" finished-at="2022-07-20T15:40:08 IST" duration-ms="16323" status="FAIL">
          <exception class="org.openqa.selenium.NoSuchElementException">
            <message>
              <![CDATA[Unable to find element with locator By.linkText: mail
For documentation on this error, please visit: https://selenium.dev/exceptions/#no_such_element
Build info: version: '4.3.0', revision: 'a4995e2c09*'
System info: host: 'LAPTOP-KP63N8TU', ip: '192.168.89.35', os.name: 'Windows 10', os.arch: 'amd64', os.version: '10.0', java.version: '17.0.3'
Driver info: driver.version: RemoteWebDriver]]>
            </message>
            <full-stacktrace>
              <![CDATA[org.openqa.selenium.NoSuchElementException: Unable to find element with locator By.linkText: mail
For documentation on this error, please visit: https://selenium.dev/exceptions/#no_such_element
Build info: version: '4.3.0', revision: 'a4995e2c09*'
System info: host: 'LAPTOP-KP63N8TU', ip: '192.168.89.35', os.name: 'Windows 10', os.arch: 'amd64', os.version: '10.0', java.version: '17.0.3'
Driver info: driver.version: RemoteWebDriver
at org.openqa.selenium.remote.ElementLocation$ElementFinder$2.findElement(ElementLocation.java:165)
at org.openqa.selenium.remote.ElementLocation.findElement(ElementLocation.java:60)
at org.openqa.selenium.remote.RemoteWebDriver.findElement(RemoteWebDriver.java:387)
at org.openqa.selenium.remote.RemoteWebDriver.findElement(RemoteWebDriver.java:379)
at TestNG.I_GoogleTest.mailLinkText(I_GoogleTest.java:33)
at java.base/jdk.internal.reflect.NativeMethodAccessorImpl.invoke0(Native Method)
at java.base/jdk.internal.reflect.NativeMethodAccessorImpl.invoke(NativeMethodAccessorImpl.java:77)
at java.base/jdk.internal.reflect.DelegatingMethodAccessorImpl.invoke(DelegatingMethodAccessorImpl.java:43)
at java.base/java.lang.reflect.Method.invoke(Method.java:568)
at org.testng.internal.invokers.MethodInvocationHelper.invokeMethod(MethodInvocationHelper.java:139)
at org.testng.internal.invokers.TestInvoker.invokeMethod(TestInvoker.java:677)
at org.testng.internal.invokers.TestInvoker.invokeTestMethod(TestInvoker.java:221)
at org.testng.internal.invokers.MethodRunner.runInSequence(MethodRunner.java:50)
at org.testng.internal.invokers.TestInvoker$MethodInvocationAgent.invoke(TestInvoker.java:962)
at org.testng.internal.invokers.TestInvoker.invokeTestMethods(TestInvoker.java:194)
at org.testng.internal.invokers.TestMethodWorker.invokeTestMethods(TestMethodWorker.java:148)
at org.testng.internal.invokers.TestMethodWorker.run(TestMethodWorker.java:128)
at java.base/java.util.ArrayList.forEach(ArrayList.java:1511)
at org.testng.TestRunner.privateRun(TestRunner.java:806)
at org.testng.TestRunner.run(TestRunner.java:601)
at org.testng.SuiteRunner.runTest(SuiteRunner.java:433)
at org.testng.SuiteRunner.runSequentially(SuiteRunner.java:427)
at org.testng.SuiteRunner.privateRun(SuiteRunner.java:387)
at org.testng.SuiteRunner.run(SuiteRunner.java:330)
at org.testng.SuiteRunnerWorker.runSuite(SuiteRunnerWorker.java:52)
at org.testng.SuiteRunnerWorker.run(SuiteRunnerWorker.java:95)
at org.testng.TestNG.runSuitesSequentially(TestNG.java:1256)
at org.testng.TestNG.runSuitesLocally(TestNG.java:1176)
at org.testng.TestNG.runSuites(TestNG.java:1099)
at org.testng.TestNG.run(TestNG.java:1067)
at org.testng.remote.AbstractRemoteTestNG.run(AbstractRemoteTestNG.java:115)
at org.testng.remote.RemoteTestNG.initAndRun(RemoteTestNG.java:251)
at org.testng.remote.RemoteTestNG.main(RemoteTestNG.java:77)
]]>
            </full-stacktrace>
          </exception> <!-- org.openqa.selenium.NoSuchElementException -->
          <reporter-output>
          </reporter-output>
        </test-method> <!-- mailLinkText -->
        <test-method is-config="true" signature="tearDown()[pri:0, instance:TestNG.I_GoogleTest@750e2b97]" started-at="2022-07-20T15:40:08 IST" name="tearDown" finished-at="2022-07-20T15:40:09 IST" duration-ms="53" status="PASS">
          <reporter-output>
          </reporter-output>
        </test-method> <!-- tearDown -->
      </class> <!-- TestNG.I_GoogleTest -->
      <class name="TestNG.E_Priority1">
        <test-method signature="p()[pri:0, instance:TestNG.E_Priority1@d86a6f]" started-at="2022-07-20T15:39:33 IST" name="p" finished-at="2022-07-20T15:39:33 IST" duration-ms="2" status="PASS">
          <reporter-output>
          </reporter-output>
        </test-method> <!-- p -->
        <test-method signature="q()[pri:0, instance:TestNG.E_Priority1@d86a6f]" started-at="2022-07-20T15:39:33 IST" name="q" finished-at="2022-07-20T15:39:33 IST" duration-ms="1" status="PASS">
          <reporter-output>
          </reporter-output>
        </test-method> <!-- q -->
        <test-method signature="r()[pri:0, instance:TestNG.E_Priority1@d86a6f]" started-at="2022-07-20T15:39:33 IST" name="r" finished-at="2022-07-20T15:39:33 IST" duration-ms="2" status="PASS">
          <reporter-output>
          </reporter-output>
        </test-method> <!-- r -->
      </class> <!-- TestNG.E_Priority1 -->
      <class name="TestNG.F_Priority2">
        <test-method signature="q()[pri:0, instance:TestNG.F_Priority2@5ab956d7]" started-at="2022-07-20T15:39:33 IST" name="q" finished-at="2022-07-20T15:39:33 IST" duration-ms="1" status="PASS">
          <reporter-output>
          </reporter-output>
        </test-method> <!-- q -->
        <test-method signature="p()[pri:1, instance:TestNG.F_Priority2@5ab956d7]" started-at="2022-07-20T15:39:33 IST" name="p" finished-at="2022-07-20T15:39:33 IST" duration-ms="1" status="PASS">
          <reporter-output>
          </reporter-output>
        </test-method> <!-- p -->
        <test-method signature="r()[pri:2, instance:TestNG.F_Priority2@5ab956d7]" started-at="2022-07-20T15:39:33 IST" name="r" finished-at="2022-07-20T15:39:33 IST" duration-ms="1" status="PASS">
          <reporter-output>
          </reporter-output>
        </test-method> <!-- r -->
      </class> <!-- TestNG.F_Priority2 -->
      <class name="TestNG.C_TestCase2">
        <test-method is-config="true" signature="setUp()[pri:0, instance:TestNG.C_TestCase2@2e385cce]" started-at="2022-07-20T15:40:09 IST" name="setUp" finished-at="2022-07-20T15:40:18 IST" duration-ms="9958" status="PASS">
          <reporter-output>
          </reporter-output>
        </test-method> <!-- setUp -->
        <test-method signature="display1()[pri:0, instance:TestNG.C_TestCase2@2e385cce]" started-at="2022-07-20T15:40:18 IST" name="display1" finished-at="2022-07-20T15:40:19 IST" duration-ms="79" status="PASS">
          <reporter-output>
          </reporter-output>
        </test-method> <!-- display1 -->
        <test-method is-config="true" signature="tearDown()[pri:0, instance:TestNG.C_TestCase2@2e385cce]" started-at="2022-07-20T15:40:19 IST" name="tearDown" finished-at="2022-07-20T15:40:19 IST" duration-ms="150" status="PASS">
          <reporter-output>
          </reporter-output>
        </test-method> <!-- tearDown -->
      </class> <!-- TestNG.C_TestCase2 -->
    </test> <!-- Test -->
  </suite> <!-- Suite -->
</testng-results>
